<?xml version="1.0" encoding="UTF-8"?>
<testng-results skipped="0" failed="0" ignored="0" total="1" passed="1">
  <reporter-output>
  </reporter-output>
  <suite name="Surefire suite" duration-ms="2160" started-at="2019-08-24T13:42:45Z" finished-at="2019-08-24T13:42:47Z">
    <groups>
    </groups>
    <test name="Surefire test" duration-ms="2160" started-at="2019-08-24T13:42:45Z" finished-at="2019-08-24T13:42:47Z">
      <class name="org.sun.HelloService_Ok_IT">
        <test-method status="PASS" signature="beforeSuite(org.testng.ITestContext)[pri:0, instance:org.sun.HelloService_Ok_IT@49d904ec]" name="beforeSuite" is-config="true" duration-ms="6110" started-at="2019-08-24T21:42:39Z" finished-at="2019-08-24T21:42:45Z">
          <params>
            <param index="0">
              <value>
                <![CDATA[org.testng.TestRunner@4682eba5]]>
              </value>
            </param>
          </params>
          <reporter-output>
          </reporter-output>
        </test-method> <!-- beforeSuite -->
        <test-method status="PASS" signature="springTestContextBeforeTestClass()[pri:0, instance:org.sun.HelloService_Ok_IT@49d904ec]" name="springTestContextBeforeTestClass" is-config="true" duration-ms="2" started-at="2019-08-24T21:42:45Z" finished-at="2019-08-24T21:42:45Z">
          <reporter-output>
          </reporter-output>
        </test-method> <!-- springTestContextBeforeTestClass -->
        <test-method status="PASS" signature="springTestContextPrepareTestInstance()[pri:0, instance:org.sun.HelloService_Ok_IT@49d904ec]" name="springTestContextPrepareTestInstance" is-config="true" duration-ms="0" started-at="2019-08-24T21:42:45Z" depends-on-methods="org.springframework.test.context.testng.AbstractTestNGSpringContextTests.springTestContextBeforeTestClass" finished-at="2019-08-24T21:42:45Z">
          <reporter-output>
          </reporter-output>
        </test-method> <!-- springTestContextPrepareTestInstance -->
        <test-method status="PASS" signature="springTestContextBeforeTestMethod(java.lang.reflect.Method)[pri:0, instance:org.sun.HelloService_Ok_IT@49d904ec]" name="springTestContextBeforeTestMethod" is-config="true" duration-ms="1" started-at="2019-08-24T21:42:45Z" finished-at="2019-08-24T21:42:45Z">
          <params>
            <param index="0">
              <value>
                <![CDATA[public void org.sun.HelloService_Ok_IT.helloServiceOk()]]>
              </value>
            </param>
          </params>
          <reporter-output>
          </reporter-output>
        </test-method> <!-- springTestContextBeforeTestMethod -->
        <test-method status="PASS" signature="helloServiceOk()[pri:0, instance:org.sun.HelloService_Ok_IT@49d904ec]" name="helloServiceOk" duration-ms="2113" started-at="2019-08-24T21:42:45Z" finished-at="2019-08-24T21:42:47Z">
          <reporter-output>
          </reporter-output>
        </test-method> <!-- helloServiceOk -->
        <test-method status="PASS" signature="springTestContextAfterTestMethod(java.lang.reflect.Method)[pri:0, instance:org.sun.HelloService_Ok_IT@49d904ec]" name="springTestContextAfterTestMethod" is-config="true" duration-ms="1" started-at="2019-08-24T21:42:47Z" finished-at="2019-08-24T21:42:47Z">
          <params>
            <param index="0">
              <value>
                <![CDATA[public void org.sun.HelloService_Ok_IT.helloServiceOk()]]>
              </value>
            </param>
          </params>
          <reporter-output>
          </reporter-output>
        </test-method> <!-- springTestContextAfterTestMethod -->
        <test-method status="PASS" signature="springTestContextAfterTestClass()[pri:0, instance:org.sun.HelloService_Ok_IT@49d904ec]" name="springTestContextAfterTestClass" is-config="true" duration-ms="1" started-at="2019-08-24T21:42:47Z" finished-at="2019-08-24T21:42:47Z">
          <reporter-output>
          </reporter-output>
        </test-method> <!-- springTestContextAfterTestClass -->
        <test-method status="PASS" signature="afterSuite(org.testng.ITestContext)[pri:0, instance:org.sun.HelloService_Ok_IT@49d904ec]" name="afterSuite" is-config="true" duration-ms="123" started-at="2019-08-24T21:42:47Z" finished-at="2019-08-24T21:42:47Z">
          <params>
            <param index="0">
              <value>
                <![CDATA[org.testng.TestRunner@4682eba5]]>
              </value>
            </param>
          </params>
          <reporter-output>
          </reporter-output>
        </test-method> <!-- afterSuite -->
      </class> <!-- org.sun.HelloService_Ok_IT -->
    </test> <!-- Surefire test -->
  </suite> <!-- Surefire suite -->
</testng-results>
